[debug] [2023-09-07T13:36:14.851Z] ----------------------------------------------------------------------
[debug] [2023-09-07T13:36:14.852Z] Command:       /Users/paulooliveira/.nvm/versions/node/v16.18.1/bin/node /usr/local/bin/firebase deploy --only functions
[debug] [2023-09-07T13:36:14.852Z] CLI Version:   12.4.2
[debug] [2023-09-07T13:36:14.852Z] Platform:      darwin
[debug] [2023-09-07T13:36:14.852Z] Node Version:  v16.18.1
[debug] [2023-09-07T13:36:14.853Z] Time:          Thu Sep 07 2023 10:36:14 GMT-0300 (Horário Padrão de Brasília)
[debug] [2023-09-07T13:36:14.853Z] ----------------------------------------------------------------------
[debug] 
[debug] [2023-09-07T13:36:14.884Z] > command requires scopes: ["email","openid","https://www.googleapis.com/auth/cloudplatformprojects.readonly","https://www.googleapis.com/auth/firebase","https://www.googleapis.com/auth/cloud-platform"]
[debug] [2023-09-07T13:36:14.884Z] > authorizing via signed-in user (paulooliveiradevldta@gmail.com)
[debug] [2023-09-07T13:36:14.884Z] [iam] checking project my-portfolio-17779 for permissions ["cloudfunctions.functions.create","cloudfunctions.functions.delete","cloudfunctions.functions.get","cloudfunctions.functions.list","cloudfunctions.functions.update","cloudfunctions.operations.get","firebase.projects.get"]
[debug] [2023-09-07T13:36:14.885Z] >>> [apiv2][query] POST https://cloudresourcemanager.googleapis.com/v1/projects/my-portfolio-17779:testIamPermissions [none]
[debug] [2023-09-07T13:36:14.885Z] >>> [apiv2][(partial)header] POST https://cloudresourcemanager.googleapis.com/v1/projects/my-portfolio-17779:testIamPermissions x-goog-quota-user=projects/my-portfolio-17779
[debug] [2023-09-07T13:36:14.885Z] >>> [apiv2][body] POST https://cloudresourcemanager.googleapis.com/v1/projects/my-portfolio-17779:testIamPermissions {"permissions":["cloudfunctions.functions.create","cloudfunctions.functions.delete","cloudfunctions.functions.get","cloudfunctions.functions.list","cloudfunctions.functions.update","cloudfunctions.operations.get","firebase.projects.get"]}
[debug] [2023-09-07T13:36:15.887Z] <<< [apiv2][status] POST https://cloudresourcemanager.googleapis.com/v1/projects/my-portfolio-17779:testIamPermissions 200
[debug] [2023-09-07T13:36:15.887Z] <<< [apiv2][body] POST https://cloudresourcemanager.googleapis.com/v1/projects/my-portfolio-17779:testIamPermissions {"permissions":["cloudfunctions.functions.create","cloudfunctions.functions.delete","cloudfunctions.functions.get","cloudfunctions.functions.list","cloudfunctions.functions.update","cloudfunctions.operations.get","firebase.projects.get"]}
[debug] [2023-09-07T13:36:15.888Z] >>> [apiv2][query] POST https://iam.googleapis.com/v1/projects/my-portfolio-17779/serviceAccounts/my-portfolio-17779@appspot.gserviceaccount.com:testIamPermissions [none]
[debug] [2023-09-07T13:36:15.888Z] >>> [apiv2][body] POST https://iam.googleapis.com/v1/projects/my-portfolio-17779/serviceAccounts/my-portfolio-17779@appspot.gserviceaccount.com:testIamPermissions {"permissions":["iam.serviceAccounts.actAs"]}
[debug] [2023-09-07T13:36:16.697Z] <<< [apiv2][status] POST https://iam.googleapis.com/v1/projects/my-portfolio-17779/serviceAccounts/my-portfolio-17779@appspot.gserviceaccount.com:testIamPermissions 200
[debug] [2023-09-07T13:36:16.697Z] <<< [apiv2][body] POST https://iam.googleapis.com/v1/projects/my-portfolio-17779/serviceAccounts/my-portfolio-17779@appspot.gserviceaccount.com:testIamPermissions {"permissions":["iam.serviceAccounts.actAs"]}
[info] 
[info] === Deploying to 'my-portfolio-17779'...
[info] 
[info] i  deploying functions 
[info] Running command: npm --prefix "$RESOURCE_DIR" run lint
[info] Running command: npm --prefix "$RESOURCE_DIR" run build
[info] ✔  functions: Finished running predeploy script. 
[debug] [2023-09-07T13:36:21.968Z] >>> [apiv2][query] GET https://firebase.googleapis.com/v1beta1/projects/my-portfolio-17779 [none]
[debug] [2023-09-07T13:36:22.433Z] <<< [apiv2][status] GET https://firebase.googleapis.com/v1beta1/projects/my-portfolio-17779 200
[debug] [2023-09-07T13:36:22.433Z] <<< [apiv2][body] GET https://firebase.googleapis.com/v1beta1/projects/my-portfolio-17779 {"projectId":"my-portfolio-17779","projectNumber":"72184662367","displayName":"my-portfolio","name":"projects/my-portfolio-17779","resources":{"hostingSite":"my-portfolio-17779"},"state":"ACTIVE","etag":"1_2c8464c7-af59-4284-b99f-b32c53849eeb"}
[info] i  functions: preparing codebase default for deployment 
[info] i  functions: ensuring required API cloudfunctions.googleapis.com is enabled... 
[info] i  functions: ensuring required API cloudbuild.googleapis.com is enabled... 
[info] i  artifactregistry: ensuring required API artifactregistry.googleapis.com is enabled... 
[debug] [2023-09-07T13:36:22.436Z] >>> [apiv2][query] GET https://serviceusage.googleapis.com/v1/projects/my-portfolio-17779/services/cloudfunctions.googleapis.com [none]
[debug] [2023-09-07T13:36:22.436Z] >>> [apiv2][(partial)header] GET https://serviceusage.googleapis.com/v1/projects/my-portfolio-17779/services/cloudfunctions.googleapis.com x-goog-quota-user=projects/my-portfolio-17779
[debug] [2023-09-07T13:36:22.438Z] >>> [apiv2][query] GET https://serviceusage.googleapis.com/v1/projects/my-portfolio-17779/services/runtimeconfig.googleapis.com [none]
[debug] [2023-09-07T13:36:22.438Z] >>> [apiv2][(partial)header] GET https://serviceusage.googleapis.com/v1/projects/my-portfolio-17779/services/runtimeconfig.googleapis.com x-goog-quota-user=projects/my-portfolio-17779
[debug] [2023-09-07T13:36:22.439Z] >>> [apiv2][query] GET https://serviceusage.googleapis.com/v1/projects/my-portfolio-17779/services/cloudbuild.googleapis.com [none]
[debug] [2023-09-07T13:36:22.439Z] >>> [apiv2][(partial)header] GET https://serviceusage.googleapis.com/v1/projects/my-portfolio-17779/services/cloudbuild.googleapis.com x-goog-quota-user=projects/my-portfolio-17779
[debug] [2023-09-07T13:36:22.440Z] >>> [apiv2][query] GET https://serviceusage.googleapis.com/v1/projects/my-portfolio-17779/services/artifactregistry.googleapis.com [none]
[debug] [2023-09-07T13:36:22.440Z] >>> [apiv2][(partial)header] GET https://serviceusage.googleapis.com/v1/projects/my-portfolio-17779/services/artifactregistry.googleapis.com x-goog-quota-user=projects/my-portfolio-17779
[debug] [2023-09-07T13:36:23.476Z] <<< [apiv2][status] GET https://serviceusage.googleapis.com/v1/projects/my-portfolio-17779/services/runtimeconfig.googleapis.com 200
[debug] [2023-09-07T13:36:23.477Z] <<< [apiv2][body] GET https://serviceusage.googleapis.com/v1/projects/my-portfolio-17779/services/runtimeconfig.googleapis.com [omitted]
[debug] [2023-09-07T13:36:23.481Z] <<< [apiv2][status] GET https://serviceusage.googleapis.com/v1/projects/my-portfolio-17779/services/artifactregistry.googleapis.com 200
[debug] [2023-09-07T13:36:23.481Z] <<< [apiv2][body] GET https://serviceusage.googleapis.com/v1/projects/my-portfolio-17779/services/artifactregistry.googleapis.com [omitted]
[info] ✔  artifactregistry: required API artifactregistry.googleapis.com is enabled 
[debug] [2023-09-07T13:36:23.483Z] <<< [apiv2][status] GET https://serviceusage.googleapis.com/v1/projects/my-portfolio-17779/services/cloudbuild.googleapis.com 200
[debug] [2023-09-07T13:36:23.483Z] <<< [apiv2][body] GET https://serviceusage.googleapis.com/v1/projects/my-portfolio-17779/services/cloudbuild.googleapis.com [omitted]
[info] ✔  functions: required API cloudbuild.googleapis.com is enabled 
[debug] [2023-09-07T13:36:23.505Z] <<< [apiv2][status] GET https://serviceusage.googleapis.com/v1/projects/my-portfolio-17779/services/cloudfunctions.googleapis.com 200
[debug] [2023-09-07T13:36:23.505Z] <<< [apiv2][body] GET https://serviceusage.googleapis.com/v1/projects/my-portfolio-17779/services/cloudfunctions.googleapis.com [omitted]
[info] ✔  functions: required API cloudfunctions.googleapis.com is enabled 
[debug] [2023-09-07T13:36:23.506Z] >>> [apiv2][query] GET https://firebase.googleapis.com/v1beta1/projects/my-portfolio-17779/adminSdkConfig [none]
[debug] [2023-09-07T13:36:23.939Z] <<< [apiv2][status] GET https://firebase.googleapis.com/v1beta1/projects/my-portfolio-17779/adminSdkConfig 200
[debug] [2023-09-07T13:36:23.939Z] <<< [apiv2][body] GET https://firebase.googleapis.com/v1beta1/projects/my-portfolio-17779/adminSdkConfig {"projectId":"my-portfolio-17779","storageBucket":"my-portfolio-17779.appspot.com"}
[debug] [2023-09-07T13:36:23.940Z] >>> [apiv2][query] GET https://runtimeconfig.googleapis.com/v1beta1/projects/my-portfolio-17779/configs [none]
[debug] [2023-09-07T13:36:24.377Z] <<< [apiv2][status] GET https://runtimeconfig.googleapis.com/v1beta1/projects/my-portfolio-17779/configs 200
[debug] [2023-09-07T13:36:24.377Z] <<< [apiv2][body] GET https://runtimeconfig.googleapis.com/v1beta1/projects/my-portfolio-17779/configs {"configs":[{"name":"projects/my-portfolio-17779/configs/email"}]}
[debug] [2023-09-07T13:36:24.378Z] >>> [apiv2][query] GET https://runtimeconfig.googleapis.com/v1beta1/projects/my-portfolio-17779/configs/email/variables [none]
[debug] [2023-09-07T13:36:25.504Z] <<< [apiv2][status] GET https://runtimeconfig.googleapis.com/v1beta1/projects/my-portfolio-17779/configs/email/variables 200
[debug] [2023-09-07T13:36:25.504Z] <<< [apiv2][body] GET https://runtimeconfig.googleapis.com/v1beta1/projects/my-portfolio-17779/configs/email/variables {"variables":[{"name":"projects/my-portfolio-17779/configs/email/variables/port","updateTime":"2023-09-04T12:44:27.410818551Z"},{"name":"projects/my-portfolio-17779/configs/email/variables/to","updateTime":"2023-09-04T12:44:28.327833854Z"},{"name":"projects/my-portfolio-17779/configs/email/variables/username","updateTime":"2023-09-04T12:44:27.867446219Z"},{"name":"projects/my-portfolio-17779/configs/email/variables/host","updateTime":"2023-09-04T12:44:26.990034042Z"},{"name":"projects/my-portfolio-17779/configs/email/variables/password","updateTime":"2023-09-04T12:44:26.411761480Z"}]}
[debug] [2023-09-07T13:36:25.506Z] >>> [apiv2][query] GET https://runtimeconfig.googleapis.com/v1beta1/projects/my-portfolio-17779/configs/email/variables/port [none]
[debug] [2023-09-07T13:36:25.509Z] >>> [apiv2][query] GET https://runtimeconfig.googleapis.com/v1beta1/projects/my-portfolio-17779/configs/email/variables/to [none]
[debug] [2023-09-07T13:36:25.511Z] >>> [apiv2][query] GET https://runtimeconfig.googleapis.com/v1beta1/projects/my-portfolio-17779/configs/email/variables/username [none]
[debug] [2023-09-07T13:36:25.513Z] >>> [apiv2][query] GET https://runtimeconfig.googleapis.com/v1beta1/projects/my-portfolio-17779/configs/email/variables/host [none]
[debug] [2023-09-07T13:36:25.514Z] >>> [apiv2][query] GET https://runtimeconfig.googleapis.com/v1beta1/projects/my-portfolio-17779/configs/email/variables/password [none]
[debug] [2023-09-07T13:36:25.911Z] <<< [apiv2][status] GET https://runtimeconfig.googleapis.com/v1beta1/projects/my-portfolio-17779/configs/email/variables/password 200
[debug] [2023-09-07T13:36:25.911Z] <<< [apiv2][body] GET https://runtimeconfig.googleapis.com/v1beta1/projects/my-portfolio-17779/configs/email/variables/password {"name":"projects/my-portfolio-17779/configs/email/variables/password","updateTime":"2023-09-04T12:44:26.411761480Z","text":"UwngneAevxG7"}
[debug] [2023-09-07T13:36:25.915Z] <<< [apiv2][status] GET https://runtimeconfig.googleapis.com/v1beta1/projects/my-portfolio-17779/configs/email/variables/username 200
[debug] [2023-09-07T13:36:25.916Z] <<< [apiv2][body] GET https://runtimeconfig.googleapis.com/v1beta1/projects/my-portfolio-17779/configs/email/variables/username {"name":"projects/my-portfolio-17779/configs/email/variables/username","updateTime":"2023-09-04T12:44:27.867446219Z","text":"contatosphdev@zohomail.com"}
[debug] [2023-09-07T13:36:26.526Z] <<< [apiv2][status] GET https://runtimeconfig.googleapis.com/v1beta1/projects/my-portfolio-17779/configs/email/variables/port 200
[debug] [2023-09-07T13:36:26.527Z] <<< [apiv2][body] GET https://runtimeconfig.googleapis.com/v1beta1/projects/my-portfolio-17779/configs/email/variables/port {"name":"projects/my-portfolio-17779/configs/email/variables/port","updateTime":"2023-09-04T12:44:27.410818551Z","text":"465"}
[debug] [2023-09-07T13:36:26.559Z] <<< [apiv2][status] GET https://runtimeconfig.googleapis.com/v1beta1/projects/my-portfolio-17779/configs/email/variables/to 200
[debug] [2023-09-07T13:36:26.559Z] <<< [apiv2][body] GET https://runtimeconfig.googleapis.com/v1beta1/projects/my-portfolio-17779/configs/email/variables/to {"name":"projects/my-portfolio-17779/configs/email/variables/to","updateTime":"2023-09-04T12:44:28.327833854Z","text":"contato@pholiveira.dev"}
[debug] [2023-09-07T13:36:26.570Z] <<< [apiv2][status] GET https://runtimeconfig.googleapis.com/v1beta1/projects/my-portfolio-17779/configs/email/variables/host 200
[debug] [2023-09-07T13:36:26.571Z] <<< [apiv2][body] GET https://runtimeconfig.googleapis.com/v1beta1/projects/my-portfolio-17779/configs/email/variables/host {"name":"projects/my-portfolio-17779/configs/email/variables/host","updateTime":"2023-09-04T12:44:26.990034042Z","text":"smtp.zoho.com"}
[debug] [2023-09-07T13:36:26.573Z] Validating nodejs source
[debug] [2023-09-07T13:36:26.906Z] > [functions] package.json contents: {
  "name": "functions",
  "scripts": {
    "lint": "eslint --ext .ts .",
    "build": "tsc",
    "build:watch": "tsc --watch",
    "serve": "npm run build && firebase emulators:start --only functions",
    "shell": "npm run build && firebase functions:shell",
    "start": "npm run shell",
    "deploy": "firebase deploy --only functions",
    "logs": "firebase functions:log",
    "format": "prettier --write 'src/**/*.{js,ts,md,json}' --config ./.prettierrc.json"
  },
  "engines": {
    "node": "18"
  },
  "main": "lib/index.js",
  "dependencies": {
    "cors": "^2.8.5",
    "firebase-admin": "^11.10.1",
    "firebase-functions": "^4.4.1",
    "nodemailer": "^6.9.4"
  },
  "devDependencies": {
    "@types/cors": "^2.8.14",
    "@typescript-eslint/eslint-plugin": "^5.62.0",
    "@typescript-eslint/parser": "^5.62.0",
    "eslint": "^8.48.0",
    "eslint-config-google": "^0.14.0",
    "eslint-config-prettier": "^9.0.0",
    "eslint-plugin-import": "^2.25.4",
    "eslint-plugin-prettier": "^5.0.0",
    "firebase-functions-test": "^3.1.0",
    "prettier": "^3.0.3",
    "typescript": "^4.9.0"
  },
  "private": true
}
[debug] [2023-09-07T13:36:26.907Z] Building nodejs source
[info] i  functions: Loading and anaylzing source code for codebase default to determine what to deploy 
[debug] [2023-09-07T13:36:26.907Z] Could not find functions.yaml. Must use http discovery
[debug] [2023-09-07T13:36:26.915Z] Found firebase-functions binary at '/Users/paulooliveira/Documents/Projetos/new-portfolio/functions/node_modules/.bin/firebase-functions'
[info] Serving at port 8292

[debug] [2023-09-07T13:36:27.337Z] Got response from /__/functions.yaml {"endpoints":{"sendContact":{"platform":"gcfv1","availableMemoryMb":null,"timeoutSeconds":null,"minInstances":null,"maxInstances":null,"ingressSettings":null,"serviceAccountEmail":null,"vpc":null,"httpsTrigger":{},"entryPoint":"sendContact"}},"specVersion":"v1alpha1","requiredAPIs":[]}
[info] shutdown requested via /__/quitquitquit

[info] i  functions: preparing functions directory for uploading... 
[info] i  functions: packaged /Users/paulooliveira/Documents/Projetos/new-portfolio/functions (57.75 KB) for uploading 
[debug] [2023-09-07T13:36:27.373Z] >>> [apiv2][query] GET https://cloudfunctions.googleapis.com/v1/projects/my-portfolio-17779/locations/-/functions [none]
[debug] [2023-09-07T13:36:28.471Z] <<< [apiv2][status] GET https://cloudfunctions.googleapis.com/v1/projects/my-portfolio-17779/locations/-/functions 200
[debug] [2023-09-07T13:36:28.472Z] <<< [apiv2][body] GET https://cloudfunctions.googleapis.com/v1/projects/my-portfolio-17779/locations/-/functions {"functions":[{"name":"projects/my-portfolio-17779/locations/us-central1/functions/sendContact","httpsTrigger":{"url":"https://us-central1-my-portfolio-17779.cloudfunctions.net/sendContact","securityLevel":"SECURE_ALWAYS"},"status":"OFFLINE","entryPoint":"sendContact","timeout":"60s","availableMemoryMb":256,"serviceAccountEmail":"my-portfolio-17779@appspot.gserviceaccount.com","updateTime":"2023-09-07T01:59:23.045Z","versionId":"3","labels":{"deployment-tool":"cli-firebase","firebase-functions-hash":"98232db2c74a9ce7eb8b54ba0ae0c3b67b6cac54"},"sourceUploadUrl":"https://storage.googleapis.com/uploads-524057995926.us-central1.cloudfunctions.appspot.com/3d2d640c-a2f0-43a1-a004-a31fed700313.zip","environmentVariables":{"FIREBASE_CONFIG":"{\"projectId\":\"my-portfolio-17779\",\"storageBucket\":\"my-portfolio-17779.appspot.com\"}","GCLOUD_PROJECT":"my-portfolio-17779","EVENTARC_CLOUD_EVENT_SOURCE":"projects/my-portfolio-17779/locations/us-central1/functions/sendContact"},"runtime":"nodejs18","ingressSettings":"ALLOW_ALL","buildId":"cdb3fce2-4c64-4775-aeb4-9163437d060e","buildEnvironmentVariables":{"GOOGLE_NODE_RUN_SCRIPTS":""},"buildName":"projects/72184662367/locations/us-central1/builds/cdb3fce2-4c64-4775-aeb4-9163437d060e","dockerRegistry":"ARTIFACT_REGISTRY"}]}
[debug] [2023-09-07T13:36:28.474Z] >>> [apiv2][query] GET https://cloudfunctions.googleapis.com/v2/projects/my-portfolio-17779/locations/-/functions filter=environment%3D%22GEN_2%22
[debug] [2023-09-07T13:36:29.790Z] <<< [apiv2][status] GET https://cloudfunctions.googleapis.com/v2/projects/my-portfolio-17779/locations/-/functions 200
[debug] [2023-09-07T13:36:29.790Z] <<< [apiv2][body] GET https://cloudfunctions.googleapis.com/v2/projects/my-portfolio-17779/locations/-/functions {}
[debug] [2023-09-07T13:36:29.796Z] >>> [apiv2][query] GET https://firebase.googleapis.com/v1beta1/projects/my-portfolio-17779 [none]
[debug] [2023-09-07T13:36:30.213Z] <<< [apiv2][status] GET https://firebase.googleapis.com/v1beta1/projects/my-portfolio-17779 200
[debug] [2023-09-07T13:36:30.213Z] <<< [apiv2][body] GET https://firebase.googleapis.com/v1beta1/projects/my-portfolio-17779 {"projectId":"my-portfolio-17779","projectNumber":"72184662367","displayName":"my-portfolio","name":"projects/my-portfolio-17779","resources":{"hostingSite":"my-portfolio-17779"},"state":"ACTIVE","etag":"1_2c8464c7-af59-4284-b99f-b32c53849eeb"}
[debug] [2023-09-07T13:36:30.216Z] >>> [apiv2][query] POST https://cloudfunctions.googleapis.com/v1/projects/my-portfolio-17779/locations/us-central1/functions:generateUploadUrl [none]
[debug] [2023-09-07T13:36:30.216Z] >>> [apiv2][body] POST https://cloudfunctions.googleapis.com/v1/projects/my-portfolio-17779/locations/us-central1/functions:generateUploadUrl {}
[debug] [2023-09-07T13:36:31.240Z] <<< [apiv2][status] POST https://cloudfunctions.googleapis.com/v1/projects/my-portfolio-17779/locations/us-central1/functions:generateUploadUrl 200
[debug] [2023-09-07T13:36:31.241Z] <<< [apiv2][body] POST https://cloudfunctions.googleapis.com/v1/projects/my-portfolio-17779/locations/us-central1/functions:generateUploadUrl {"uploadUrl":"https://storage.googleapis.com/uploads-524057995926.us-central1.cloudfunctions.appspot.com/a0f233f4-5290-47e4-b6cb-5aaf6c0299d3.zip?GoogleAccessId=service-72184662367@gcf-admin-robot.iam.gserviceaccount.com&Expires=1694095591&Signature=gX4my%2BDadQBx6XrQa37hQva9%2BCD%2Fy9rmfEL4qSiWit0%2FslgA41%2F7egB8B3hAl0s5s5XP8%2BWLd4i%2FYQ2ung22JIjyoizlr11UnDOSQlAL8%2BYU%2Beiwzl44Cdw9e3ZpEh40oLamstSvQByzYfCcdx%2F370LyzYLHulrZ6wze6YdjbPDCqC1ENmHQDlGln7f7hq3VMq%2BrTdjYTuJLxlWVInYA3IMhogT%2BQXoUcFBPmAJPF2yrlkE%2FMNiUuswkHQl3XcV90CIXM99OCPtp1En0%2Fb3yskzKZVzGqtMjp9goylb8RYPCXBZovMlHONx43oBvk7Au2eJ%2FUJc5956VwFATD0NzaA%3D%3D"}
[debug] [2023-09-07T13:36:31.242Z] >>> [apiv2][query] PUT https://storage.googleapis.com/uploads-524057995926.us-central1.cloudfunctions.appspot.com/a0f233f4-5290-47e4-b6cb-5aaf6c0299d3.zip GoogleAccessId=service-72184662367%40gcf-admin-robot.iam.gserviceaccount.com&Expires=1694095591&Signature=gX4my%2BDadQBx6XrQa37hQva9%2BCD%2Fy9rmfEL4qSiWit0%2FslgA41%2F7egB8B3hAl0s5s5XP8%2BWLd4i%2FYQ2ung22JIjyoizlr11UnDOSQlAL8%2BYU%2Beiwzl44Cdw9e3ZpEh40oLamstSvQByzYfCcdx%2F370LyzYLHulrZ6wze6YdjbPDCqC1ENmHQDlGln7f7hq3VMq%2BrTdjYTuJLxlWVInYA3IMhogT%2BQXoUcFBPmAJPF2yrlkE%2FMNiUuswkHQl3XcV90CIXM99OCPtp1En0%2Fb3yskzKZVzGqtMjp9goylb8RYPCXBZovMlHONx43oBvk7Au2eJ%2FUJc5956VwFATD0NzaA%3D%3D
[debug] [2023-09-07T13:36:31.242Z] >>> [apiv2][body] PUT https://storage.googleapis.com/uploads-524057995926.us-central1.cloudfunctions.appspot.com/a0f233f4-5290-47e4-b6cb-5aaf6c0299d3.zip [stream]
[debug] [2023-09-07T13:36:32.566Z] <<< [apiv2][status] PUT https://storage.googleapis.com/uploads-524057995926.us-central1.cloudfunctions.appspot.com/a0f233f4-5290-47e4-b6cb-5aaf6c0299d3.zip 200
[debug] [2023-09-07T13:36:32.566Z] <<< [apiv2][body] PUT https://storage.googleapis.com/uploads-524057995926.us-central1.cloudfunctions.appspot.com/a0f233f4-5290-47e4-b6cb-5aaf6c0299d3.zip [omitted]
[info] ✔  functions: functions folder uploaded successfully 
[info] i  functions: updating Node.js 18 (1st Gen) function sendContact(us-central1)... 
[debug] [2023-09-07T13:36:32.574Z] >>> [apiv2][query] PATCH https://cloudfunctions.googleapis.com/v1/projects/my-portfolio-17779/locations/us-central1/functions/sendContact updateMask=name%2CsourceUploadUrl%2CentryPoint%2Cruntime%2CdockerRegistry%2Clabels%2ChttpsTrigger.securityLevel%2CminInstances%2CmaxInstances%2CingressSettings%2CenvironmentVariables%2CserviceAccountEmail%2CavailableMemoryMb%2Ctimeout%2CvpcConnector%2CvpcConnectorEgressSettings%2CsourceToken%2CbuildEnvironmentVariables
[debug] [2023-09-07T13:36:32.574Z] >>> [apiv2][body] PATCH https://cloudfunctions.googleapis.com/v1/projects/my-portfolio-17779/locations/us-central1/functions/sendContact {"name":"projects/my-portfolio-17779/locations/us-central1/functions/sendContact","sourceUploadUrl":"https://storage.googleapis.com/uploads-524057995926.us-central1.cloudfunctions.appspot.com/a0f233f4-5290-47e4-b6cb-5aaf6c0299d3.zip?GoogleAccessId=service-72184662367@gcf-admin-robot.iam.gserviceaccount.com&Expires=1694095591&Signature=gX4my%2BDadQBx6XrQa37hQva9%2BCD%2Fy9rmfEL4qSiWit0%2FslgA41%2F7egB8B3hAl0s5s5XP8%2BWLd4i%2FYQ2ung22JIjyoizlr11UnDOSQlAL8%2BYU%2Beiwzl44Cdw9e3ZpEh40oLamstSvQByzYfCcdx%2F370LyzYLHulrZ6wze6YdjbPDCqC1ENmHQDlGln7f7hq3VMq%2BrTdjYTuJLxlWVInYA3IMhogT%2BQXoUcFBPmAJPF2yrlkE%2FMNiUuswkHQl3XcV90CIXM99OCPtp1En0%2Fb3yskzKZVzGqtMjp9goylb8RYPCXBZovMlHONx43oBvk7Au2eJ%2FUJc5956VwFATD0NzaA%3D%3D","entryPoint":"sendContact","runtime":"nodejs18","dockerRegistry":"ARTIFACT_REGISTRY","labels":{"deployment-tool":"cli-firebase","firebase-functions-hash":"4ae2590e9abba7070d66acef427ce9a99b942553"},"httpsTrigger":{"securityLevel":"SECURE_ALWAYS"},"minInstances":null,"maxInstances":null,"ingressSettings":null,"environmentVariables":{"FIREBASE_CONFIG":"{\"projectId\":\"my-portfolio-17779\",\"storageBucket\":\"my-portfolio-17779.appspot.com\"}","GCLOUD_PROJECT":"my-portfolio-17779","EVENTARC_CLOUD_EVENT_SOURCE":"projects/my-portfolio-17779/locations/us-central1/functions/sendContact"},"serviceAccountEmail":null,"availableMemoryMb":null,"timeout":null,"vpcConnector":null,"vpcConnectorEgressSettings":null,"buildEnvironmentVariables":{"GOOGLE_NODE_RUN_SCRIPTS":""}}
[debug] [2023-09-07T13:36:33.387Z] <<< [apiv2][status] PATCH https://cloudfunctions.googleapis.com/v1/projects/my-portfolio-17779/locations/us-central1/functions/sendContact 200
[debug] [2023-09-07T13:36:33.387Z] <<< [apiv2][body] PATCH https://cloudfunctions.googleapis.com/v1/projects/my-portfolio-17779/locations/us-central1/functions/sendContact {"name":"operations/bXktcG9ydGZvbGlvLTE3Nzc5L3VzLWNlbnRyYWwxL3NlbmRDb250YWN0L3JwNWNmclR5NFA0","metadata":{"@type":"type.googleapis.com/google.cloud.functions.v1.OperationMetadataV1","target":"projects/my-portfolio-17779/locations/us-central1/functions/sendContact","type":"UPDATE_FUNCTION","request":{"@type":"type.googleapis.com/google.cloud.functions.v1.CloudFunction","name":"projects/my-portfolio-17779/locations/us-central1/functions/sendContact","httpsTrigger":{"url":"https://us-central1-my-portfolio-17779.cloudfunctions.net/sendContact","securityLevel":"SECURE_ALWAYS"},"status":"OFFLINE","entryPoint":"sendContact","updateTime":"2023-09-07T01:59:23.045Z","versionId":"3","labels":{"deployment-tool":"cli-firebase","firebase-functions-hash":"4ae2590e9abba7070d66acef427ce9a99b942553"},"sourceUploadUrl":"https://storage.googleapis.com/uploads-524057995926.us-central1.cloudfunctions.appspot.com/a0f233f4-5290-47e4-b6cb-5aaf6c0299d3.zip?GoogleAccessId=service-72184662367@gcf-admin-robot.iam.gserviceaccount.com&Expires=1694095591&Signature=gX4my%2BDadQBx6XrQa37hQva9%2BCD%2Fy9rmfEL4qSiWit0%2FslgA41%2F7egB8B3hAl0s5s5XP8%2BWLd4i%2FYQ2ung22JIjyoizlr11UnDOSQlAL8%2BYU%2Beiwzl44Cdw9e3ZpEh40oLamstSvQByzYfCcdx%2F370LyzYLHulrZ6wze6YdjbPDCqC1ENmHQDlGln7f7hq3VMq%2BrTdjYTuJLxlWVInYA3IMhogT%2BQXoUcFBPmAJPF2yrlkE%2FMNiUuswkHQl3XcV90CIXM99OCPtp1En0%2Fb3yskzKZVzGqtMjp9goylb8RYPCXBZovMlHONx43oBvk7Au2eJ%2FUJc5956VwFATD0NzaA%3D%3D","environmentVariables":{"FIREBASE_CONFIG":"{\"projectId\":\"my-portfolio-17779\",\"storageBucket\":\"my-portfolio-17779.appspot.com\"}","GCLOUD_PROJECT":"my-portfolio-17779","EVENTARC_CLOUD_EVENT_SOURCE":"projects/my-portfolio-17779/locations/us-central1/functions/sendContact"},"runtime":"nodejs18","buildId":"cdb3fce2-4c64-4775-aeb4-9163437d060e","buildEnvironmentVariables":{"GOOGLE_NODE_RUN_SCRIPTS":""},"buildName":"projects/72184662367/locations/us-central1/builds/cdb3fce2-4c64-4775-aeb4-9163437d060e","dockerRegistry":"ARTIFACT_REGISTRY"},"versionId":"4","updateTime":"2023-09-07T13:36:33Z"}}
[debug] [2023-09-07T13:36:33.389Z] >>> [apiv2][query] GET https://cloudfunctions.googleapis.com/v1/operations/bXktcG9ydGZvbGlvLTE3Nzc5L3VzLWNlbnRyYWwxL3NlbmRDb250YWN0L3JwNWNmclR5NFA0 [none]
[debug] [2023-09-07T13:36:33.896Z] <<< [apiv2][status] GET https://cloudfunctions.googleapis.com/v1/operations/bXktcG9ydGZvbGlvLTE3Nzc5L3VzLWNlbnRyYWwxL3NlbmRDb250YWN0L3JwNWNmclR5NFA0 200
[debug] [2023-09-07T13:36:33.896Z] <<< [apiv2][body] GET https://cloudfunctions.googleapis.com/v1/operations/bXktcG9ydGZvbGlvLTE3Nzc5L3VzLWNlbnRyYWwxL3NlbmRDb250YWN0L3JwNWNmclR5NFA0 {"name":"operations/bXktcG9ydGZvbGlvLTE3Nzc5L3VzLWNlbnRyYWwxL3NlbmRDb250YWN0L3JwNWNmclR5NFA0","metadata":{"@type":"type.googleapis.com/google.cloud.functions.v1.OperationMetadataV1","target":"projects/my-portfolio-17779/locations/us-central1/functions/sendContact","type":"UPDATE_FUNCTION","request":{"@type":"type.googleapis.com/google.cloud.functions.v1.CloudFunction","name":"projects/my-portfolio-17779/locations/us-central1/functions/sendContact","httpsTrigger":{"url":"https://us-central1-my-portfolio-17779.cloudfunctions.net/sendContact","securityLevel":"SECURE_ALWAYS"},"status":"OFFLINE","entryPoint":"sendContact","updateTime":"2023-09-07T01:59:23.045Z","versionId":"3","labels":{"deployment-tool":"cli-firebase","firebase-functions-hash":"4ae2590e9abba7070d66acef427ce9a99b942553"},"sourceUploadUrl":"https://storage.googleapis.com/uploads-524057995926.us-central1.cloudfunctions.appspot.com/a0f233f4-5290-47e4-b6cb-5aaf6c0299d3.zip?GoogleAccessId=service-72184662367@gcf-admin-robot.iam.gserviceaccount.com&Expires=1694095591&Signature=gX4my%2BDadQBx6XrQa37hQva9%2BCD%2Fy9rmfEL4qSiWit0%2FslgA41%2F7egB8B3hAl0s5s5XP8%2BWLd4i%2FYQ2ung22JIjyoizlr11UnDOSQlAL8%2BYU%2Beiwzl44Cdw9e3ZpEh40oLamstSvQByzYfCcdx%2F370LyzYLHulrZ6wze6YdjbPDCqC1ENmHQDlGln7f7hq3VMq%2BrTdjYTuJLxlWVInYA3IMhogT%2BQXoUcFBPmAJPF2yrlkE%2FMNiUuswkHQl3XcV90CIXM99OCPtp1En0%2Fb3yskzKZVzGqtMjp9goylb8RYPCXBZovMlHONx43oBvk7Au2eJ%2FUJc5956VwFATD0NzaA%3D%3D","environmentVariables":{"FIREBASE_CONFIG":"{\"projectId\":\"my-portfolio-17779\",\"storageBucket\":\"my-portfolio-17779.appspot.com\"}","GCLOUD_PROJECT":"my-portfolio-17779","EVENTARC_CLOUD_EVENT_SOURCE":"projects/my-portfolio-17779/locations/us-central1/functions/sendContact"},"runtime":"nodejs18","buildId":"cdb3fce2-4c64-4775-aeb4-9163437d060e","buildEnvironmentVariables":{"GOOGLE_NODE_RUN_SCRIPTS":""},"buildName":"projects/72184662367/locations/us-central1/builds/cdb3fce2-4c64-4775-aeb4-9163437d060e","dockerRegistry":"ARTIFACT_REGISTRY"},"versionId":"4","updateTime":"2023-09-07T13:36:33Z"}}
[debug] [2023-09-07T13:36:34.399Z] [update-default-us-central1-sendContact] Retrying task index 0
[debug] [2023-09-07T13:36:34.400Z] >>> [apiv2][query] GET https://cloudfunctions.googleapis.com/v1/operations/bXktcG9ydGZvbGlvLTE3Nzc5L3VzLWNlbnRyYWwxL3NlbmRDb250YWN0L3JwNWNmclR5NFA0 [none]
[debug] [2023-09-07T13:36:34.923Z] <<< [apiv2][status] GET https://cloudfunctions.googleapis.com/v1/operations/bXktcG9ydGZvbGlvLTE3Nzc5L3VzLWNlbnRyYWwxL3NlbmRDb250YWN0L3JwNWNmclR5NFA0 200
[debug] [2023-09-07T13:36:34.923Z] <<< [apiv2][body] GET https://cloudfunctions.googleapis.com/v1/operations/bXktcG9ydGZvbGlvLTE3Nzc5L3VzLWNlbnRyYWwxL3NlbmRDb250YWN0L3JwNWNmclR5NFA0 {"name":"operations/bXktcG9ydGZvbGlvLTE3Nzc5L3VzLWNlbnRyYWwxL3NlbmRDb250YWN0L3JwNWNmclR5NFA0","metadata":{"@type":"type.googleapis.com/google.cloud.functions.v1.OperationMetadataV1","target":"projects/my-portfolio-17779/locations/us-central1/functions/sendContact","type":"UPDATE_FUNCTION","request":{"@type":"type.googleapis.com/google.cloud.functions.v1.CloudFunction","name":"projects/my-portfolio-17779/locations/us-central1/functions/sendContact","httpsTrigger":{"url":"https://us-central1-my-portfolio-17779.cloudfunctions.net/sendContact","securityLevel":"SECURE_ALWAYS"},"status":"OFFLINE","entryPoint":"sendContact","updateTime":"2023-09-07T01:59:23.045Z","versionId":"3","labels":{"deployment-tool":"cli-firebase","firebase-functions-hash":"4ae2590e9abba7070d66acef427ce9a99b942553"},"sourceUploadUrl":"https://storage.googleapis.com/uploads-524057995926.us-central1.cloudfunctions.appspot.com/a0f233f4-5290-47e4-b6cb-5aaf6c0299d3.zip?GoogleAccessId=service-72184662367@gcf-admin-robot.iam.gserviceaccount.com&Expires=1694095591&Signature=gX4my%2BDadQBx6XrQa37hQva9%2BCD%2Fy9rmfEL4qSiWit0%2FslgA41%2F7egB8B3hAl0s5s5XP8%2BWLd4i%2FYQ2ung22JIjyoizlr11UnDOSQlAL8%2BYU%2Beiwzl44Cdw9e3ZpEh40oLamstSvQByzYfCcdx%2F370LyzYLHulrZ6wze6YdjbPDCqC1ENmHQDlGln7f7hq3VMq%2BrTdjYTuJLxlWVInYA3IMhogT%2BQXoUcFBPmAJPF2yrlkE%2FMNiUuswkHQl3XcV90CIXM99OCPtp1En0%2Fb3yskzKZVzGqtMjp9goylb8RYPCXBZovMlHONx43oBvk7Au2eJ%2FUJc5956VwFATD0NzaA%3D%3D","environmentVariables":{"FIREBASE_CONFIG":"{\"projectId\":\"my-portfolio-17779\",\"storageBucket\":\"my-portfolio-17779.appspot.com\"}","GCLOUD_PROJECT":"my-portfolio-17779","EVENTARC_CLOUD_EVENT_SOURCE":"projects/my-portfolio-17779/locations/us-central1/functions/sendContact"},"runtime":"nodejs18","buildId":"cdb3fce2-4c64-4775-aeb4-9163437d060e","buildEnvironmentVariables":{"GOOGLE_NODE_RUN_SCRIPTS":""},"buildName":"projects/72184662367/locations/us-central1/builds/cdb3fce2-4c64-4775-aeb4-9163437d060e","dockerRegistry":"ARTIFACT_REGISTRY"},"versionId":"4","updateTime":"2023-09-07T13:36:33Z","buildId":"6e7dab2d-6c32-4c23-8f86-fa6ed83ec0c1","buildName":"projects/72184662367/locations/us-central1/builds/6e7dab2d-6c32-4c23-8f86-fa6ed83ec0c1"}}
[debug] [2023-09-07T13:36:35.925Z] [update-default-us-central1-sendContact] Retrying task index 0
[debug] [2023-09-07T13:36:35.927Z] >>> [apiv2][query] GET https://cloudfunctions.googleapis.com/v1/operations/bXktcG9ydGZvbGlvLTE3Nzc5L3VzLWNlbnRyYWwxL3NlbmRDb250YWN0L3JwNWNmclR5NFA0 [none]
[debug] [2023-09-07T13:36:36.410Z] <<< [apiv2][status] GET https://cloudfunctions.googleapis.com/v1/operations/bXktcG9ydGZvbGlvLTE3Nzc5L3VzLWNlbnRyYWwxL3NlbmRDb250YWN0L3JwNWNmclR5NFA0 200
[debug] [2023-09-07T13:36:36.411Z] <<< [apiv2][body] GET https://cloudfunctions.googleapis.com/v1/operations/bXktcG9ydGZvbGlvLTE3Nzc5L3VzLWNlbnRyYWwxL3NlbmRDb250YWN0L3JwNWNmclR5NFA0 {"name":"operations/bXktcG9ydGZvbGlvLTE3Nzc5L3VzLWNlbnRyYWwxL3NlbmRDb250YWN0L3JwNWNmclR5NFA0","metadata":{"@type":"type.googleapis.com/google.cloud.functions.v1.OperationMetadataV1","target":"projects/my-portfolio-17779/locations/us-central1/functions/sendContact","type":"UPDATE_FUNCTION","request":{"@type":"type.googleapis.com/google.cloud.functions.v1.CloudFunction","name":"projects/my-portfolio-17779/locations/us-central1/functions/sendContact","httpsTrigger":{"url":"https://us-central1-my-portfolio-17779.cloudfunctions.net/sendContact","securityLevel":"SECURE_ALWAYS"},"status":"OFFLINE","entryPoint":"sendContact","updateTime":"2023-09-07T01:59:23.045Z","versionId":"3","labels":{"deployment-tool":"cli-firebase","firebase-functions-hash":"4ae2590e9abba7070d66acef427ce9a99b942553"},"sourceUploadUrl":"https://storage.googleapis.com/uploads-524057995926.us-central1.cloudfunctions.appspot.com/a0f233f4-5290-47e4-b6cb-5aaf6c0299d3.zip?GoogleAccessId=service-72184662367@gcf-admin-robot.iam.gserviceaccount.com&Expires=1694095591&Signature=gX4my%2BDadQBx6XrQa37hQva9%2BCD%2Fy9rmfEL4qSiWit0%2FslgA41%2F7egB8B3hAl0s5s5XP8%2BWLd4i%2FYQ2ung22JIjyoizlr11UnDOSQlAL8%2BYU%2Beiwzl44Cdw9e3ZpEh40oLamstSvQByzYfCcdx%2F370LyzYLHulrZ6wze6YdjbPDCqC1ENmHQDlGln7f7hq3VMq%2BrTdjYTuJLxlWVInYA3IMhogT%2BQXoUcFBPmAJPF2yrlkE%2FMNiUuswkHQl3XcV90CIXM99OCPtp1En0%2Fb3yskzKZVzGqtMjp9goylb8RYPCXBZovMlHONx43oBvk7Au2eJ%2FUJc5956VwFATD0NzaA%3D%3D","environmentVariables":{"FIREBASE_CONFIG":"{\"projectId\":\"my-portfolio-17779\",\"storageBucket\":\"my-portfolio-17779.appspot.com\"}","GCLOUD_PROJECT":"my-portfolio-17779","EVENTARC_CLOUD_EVENT_SOURCE":"projects/my-portfolio-17779/locations/us-central1/functions/sendContact"},"runtime":"nodejs18","buildId":"cdb3fce2-4c64-4775-aeb4-9163437d060e","buildEnvironmentVariables":{"GOOGLE_NODE_RUN_SCRIPTS":""},"buildName":"projects/72184662367/locations/us-central1/builds/cdb3fce2-4c64-4775-aeb4-9163437d060e","dockerRegistry":"ARTIFACT_REGISTRY"},"versionId":"4","updateTime":"2023-09-07T13:36:33Z","buildId":"6e7dab2d-6c32-4c23-8f86-fa6ed83ec0c1","buildName":"projects/72184662367/locations/us-central1/builds/6e7dab2d-6c32-4c23-8f86-fa6ed83ec0c1"}}
[debug] [2023-09-07T13:36:38.413Z] [update-default-us-central1-sendContact] Retrying task index 0
[debug] [2023-09-07T13:36:38.414Z] >>> [apiv2][query] GET https://cloudfunctions.googleapis.com/v1/operations/bXktcG9ydGZvbGlvLTE3Nzc5L3VzLWNlbnRyYWwxL3NlbmRDb250YWN0L3JwNWNmclR5NFA0 [none]
[debug] [2023-09-07T13:36:39.223Z] <<< [apiv2][status] GET https://cloudfunctions.googleapis.com/v1/operations/bXktcG9ydGZvbGlvLTE3Nzc5L3VzLWNlbnRyYWwxL3NlbmRDb250YWN0L3JwNWNmclR5NFA0 200
[debug] [2023-09-07T13:36:39.224Z] <<< [apiv2][body] GET https://cloudfunctions.googleapis.com/v1/operations/bXktcG9ydGZvbGlvLTE3Nzc5L3VzLWNlbnRyYWwxL3NlbmRDb250YWN0L3JwNWNmclR5NFA0 {"name":"operations/bXktcG9ydGZvbGlvLTE3Nzc5L3VzLWNlbnRyYWwxL3NlbmRDb250YWN0L3JwNWNmclR5NFA0","metadata":{"@type":"type.googleapis.com/google.cloud.functions.v1.OperationMetadataV1","target":"projects/my-portfolio-17779/locations/us-central1/functions/sendContact","type":"UPDATE_FUNCTION","request":{"@type":"type.googleapis.com/google.cloud.functions.v1.CloudFunction","name":"projects/my-portfolio-17779/locations/us-central1/functions/sendContact","httpsTrigger":{"url":"https://us-central1-my-portfolio-17779.cloudfunctions.net/sendContact","securityLevel":"SECURE_ALWAYS"},"status":"OFFLINE","entryPoint":"sendContact","updateTime":"2023-09-07T01:59:23.045Z","versionId":"3","labels":{"deployment-tool":"cli-firebase","firebase-functions-hash":"4ae2590e9abba7070d66acef427ce9a99b942553"},"sourceUploadUrl":"https://storage.googleapis.com/uploads-524057995926.us-central1.cloudfunctions.appspot.com/a0f233f4-5290-47e4-b6cb-5aaf6c0299d3.zip?GoogleAccessId=service-72184662367@gcf-admin-robot.iam.gserviceaccount.com&Expires=1694095591&Signature=gX4my%2BDadQBx6XrQa37hQva9%2BCD%2Fy9rmfEL4qSiWit0%2FslgA41%2F7egB8B3hAl0s5s5XP8%2BWLd4i%2FYQ2ung22JIjyoizlr11UnDOSQlAL8%2BYU%2Beiwzl44Cdw9e3ZpEh40oLamstSvQByzYfCcdx%2F370LyzYLHulrZ6wze6YdjbPDCqC1ENmHQDlGln7f7hq3VMq%2BrTdjYTuJLxlWVInYA3IMhogT%2BQXoUcFBPmAJPF2yrlkE%2FMNiUuswkHQl3XcV90CIXM99OCPtp1En0%2Fb3yskzKZVzGqtMjp9goylb8RYPCXBZovMlHONx43oBvk7Au2eJ%2FUJc5956VwFATD0NzaA%3D%3D","environmentVariables":{"FIREBASE_CONFIG":"{\"projectId\":\"my-portfolio-17779\",\"storageBucket\":\"my-portfolio-17779.appspot.com\"}","GCLOUD_PROJECT":"my-portfolio-17779","EVENTARC_CLOUD_EVENT_SOURCE":"projects/my-portfolio-17779/locations/us-central1/functions/sendContact"},"runtime":"nodejs18","buildId":"cdb3fce2-4c64-4775-aeb4-9163437d060e","buildEnvironmentVariables":{"GOOGLE_NODE_RUN_SCRIPTS":""},"buildName":"projects/72184662367/locations/us-central1/builds/cdb3fce2-4c64-4775-aeb4-9163437d060e","dockerRegistry":"ARTIFACT_REGISTRY"},"versionId":"4","updateTime":"2023-09-07T13:36:33Z","buildId":"6e7dab2d-6c32-4c23-8f86-fa6ed83ec0c1","buildName":"projects/72184662367/locations/us-central1/builds/6e7dab2d-6c32-4c23-8f86-fa6ed83ec0c1"}}
[debug] [2023-09-07T13:36:43.225Z] [update-default-us-central1-sendContact] Retrying task index 0
[debug] [2023-09-07T13:36:43.226Z] >>> [apiv2][query] GET https://cloudfunctions.googleapis.com/v1/operations/bXktcG9ydGZvbGlvLTE3Nzc5L3VzLWNlbnRyYWwxL3NlbmRDb250YWN0L3JwNWNmclR5NFA0 [none]
[debug] [2023-09-07T13:36:43.877Z] <<< [apiv2][status] GET https://cloudfunctions.googleapis.com/v1/operations/bXktcG9ydGZvbGlvLTE3Nzc5L3VzLWNlbnRyYWwxL3NlbmRDb250YWN0L3JwNWNmclR5NFA0 200
[debug] [2023-09-07T13:36:43.877Z] <<< [apiv2][body] GET https://cloudfunctions.googleapis.com/v1/operations/bXktcG9ydGZvbGlvLTE3Nzc5L3VzLWNlbnRyYWwxL3NlbmRDb250YWN0L3JwNWNmclR5NFA0 {"name":"operations/bXktcG9ydGZvbGlvLTE3Nzc5L3VzLWNlbnRyYWwxL3NlbmRDb250YWN0L3JwNWNmclR5NFA0","metadata":{"@type":"type.googleapis.com/google.cloud.functions.v1.OperationMetadataV1","target":"projects/my-portfolio-17779/locations/us-central1/functions/sendContact","type":"UPDATE_FUNCTION","request":{"@type":"type.googleapis.com/google.cloud.functions.v1.CloudFunction","name":"projects/my-portfolio-17779/locations/us-central1/functions/sendContact","httpsTrigger":{"url":"https://us-central1-my-portfolio-17779.cloudfunctions.net/sendContact","securityLevel":"SECURE_ALWAYS"},"status":"OFFLINE","entryPoint":"sendContact","updateTime":"2023-09-07T01:59:23.045Z","versionId":"3","labels":{"deployment-tool":"cli-firebase","firebase-functions-hash":"4ae2590e9abba7070d66acef427ce9a99b942553"},"sourceUploadUrl":"https://storage.googleapis.com/uploads-524057995926.us-central1.cloudfunctions.appspot.com/a0f233f4-5290-47e4-b6cb-5aaf6c0299d3.zip?GoogleAccessId=service-72184662367@gcf-admin-robot.iam.gserviceaccount.com&Expires=1694095591&Signature=gX4my%2BDadQBx6XrQa37hQva9%2BCD%2Fy9rmfEL4qSiWit0%2FslgA41%2F7egB8B3hAl0s5s5XP8%2BWLd4i%2FYQ2ung22JIjyoizlr11UnDOSQlAL8%2BYU%2Beiwzl44Cdw9e3ZpEh40oLamstSvQByzYfCcdx%2F370LyzYLHulrZ6wze6YdjbPDCqC1ENmHQDlGln7f7hq3VMq%2BrTdjYTuJLxlWVInYA3IMhogT%2BQXoUcFBPmAJPF2yrlkE%2FMNiUuswkHQl3XcV90CIXM99OCPtp1En0%2Fb3yskzKZVzGqtMjp9goylb8RYPCXBZovMlHONx43oBvk7Au2eJ%2FUJc5956VwFATD0NzaA%3D%3D","environmentVariables":{"FIREBASE_CONFIG":"{\"projectId\":\"my-portfolio-17779\",\"storageBucket\":\"my-portfolio-17779.appspot.com\"}","GCLOUD_PROJECT":"my-portfolio-17779","EVENTARC_CLOUD_EVENT_SOURCE":"projects/my-portfolio-17779/locations/us-central1/functions/sendContact"},"runtime":"nodejs18","buildId":"cdb3fce2-4c64-4775-aeb4-9163437d060e","buildEnvironmentVariables":{"GOOGLE_NODE_RUN_SCRIPTS":""},"buildName":"projects/72184662367/locations/us-central1/builds/cdb3fce2-4c64-4775-aeb4-9163437d060e","dockerRegistry":"ARTIFACT_REGISTRY"},"versionId":"4","updateTime":"2023-09-07T13:36:33Z","buildId":"6e7dab2d-6c32-4c23-8f86-fa6ed83ec0c1","buildName":"projects/72184662367/locations/us-central1/builds/6e7dab2d-6c32-4c23-8f86-fa6ed83ec0c1"}}
[debug] [2023-09-07T13:36:51.879Z] [update-default-us-central1-sendContact] Retrying task index 0
[debug] [2023-09-07T13:36:51.880Z] >>> [apiv2][query] GET https://cloudfunctions.googleapis.com/v1/operations/bXktcG9ydGZvbGlvLTE3Nzc5L3VzLWNlbnRyYWwxL3NlbmRDb250YWN0L3JwNWNmclR5NFA0 [none]
[debug] [2023-09-07T13:36:52.637Z] <<< [apiv2][status] GET https://cloudfunctions.googleapis.com/v1/operations/bXktcG9ydGZvbGlvLTE3Nzc5L3VzLWNlbnRyYWwxL3NlbmRDb250YWN0L3JwNWNmclR5NFA0 200
[debug] [2023-09-07T13:36:52.638Z] <<< [apiv2][body] GET https://cloudfunctions.googleapis.com/v1/operations/bXktcG9ydGZvbGlvLTE3Nzc5L3VzLWNlbnRyYWwxL3NlbmRDb250YWN0L3JwNWNmclR5NFA0 {"name":"operations/bXktcG9ydGZvbGlvLTE3Nzc5L3VzLWNlbnRyYWwxL3NlbmRDb250YWN0L3JwNWNmclR5NFA0","metadata":{"@type":"type.googleapis.com/google.cloud.functions.v1.OperationMetadataV1","target":"projects/my-portfolio-17779/locations/us-central1/functions/sendContact","type":"UPDATE_FUNCTION","request":{"@type":"type.googleapis.com/google.cloud.functions.v1.CloudFunction","name":"projects/my-portfolio-17779/locations/us-central1/functions/sendContact","httpsTrigger":{"url":"https://us-central1-my-portfolio-17779.cloudfunctions.net/sendContact","securityLevel":"SECURE_ALWAYS"},"status":"OFFLINE","entryPoint":"sendContact","updateTime":"2023-09-07T01:59:23.045Z","versionId":"3","labels":{"deployment-tool":"cli-firebase","firebase-functions-hash":"4ae2590e9abba7070d66acef427ce9a99b942553"},"sourceUploadUrl":"https://storage.googleapis.com/uploads-524057995926.us-central1.cloudfunctions.appspot.com/a0f233f4-5290-47e4-b6cb-5aaf6c0299d3.zip?GoogleAccessId=service-72184662367@gcf-admin-robot.iam.gserviceaccount.com&Expires=1694095591&Signature=gX4my%2BDadQBx6XrQa37hQva9%2BCD%2Fy9rmfEL4qSiWit0%2FslgA41%2F7egB8B3hAl0s5s5XP8%2BWLd4i%2FYQ2ung22JIjyoizlr11UnDOSQlAL8%2BYU%2Beiwzl44Cdw9e3ZpEh40oLamstSvQByzYfCcdx%2F370LyzYLHulrZ6wze6YdjbPDCqC1ENmHQDlGln7f7hq3VMq%2BrTdjYTuJLxlWVInYA3IMhogT%2BQXoUcFBPmAJPF2yrlkE%2FMNiUuswkHQl3XcV90CIXM99OCPtp1En0%2Fb3yskzKZVzGqtMjp9goylb8RYPCXBZovMlHONx43oBvk7Au2eJ%2FUJc5956VwFATD0NzaA%3D%3D","environmentVariables":{"FIREBASE_CONFIG":"{\"projectId\":\"my-portfolio-17779\",\"storageBucket\":\"my-portfolio-17779.appspot.com\"}","GCLOUD_PROJECT":"my-portfolio-17779","EVENTARC_CLOUD_EVENT_SOURCE":"projects/my-portfolio-17779/locations/us-central1/functions/sendContact"},"runtime":"nodejs18","buildId":"cdb3fce2-4c64-4775-aeb4-9163437d060e","buildEnvironmentVariables":{"GOOGLE_NODE_RUN_SCRIPTS":""},"buildName":"projects/72184662367/locations/us-central1/builds/cdb3fce2-4c64-4775-aeb4-9163437d060e","dockerRegistry":"ARTIFACT_REGISTRY"},"versionId":"4","updateTime":"2023-09-07T13:36:33Z","buildId":"6e7dab2d-6c32-4c23-8f86-fa6ed83ec0c1","buildName":"projects/72184662367/locations/us-central1/builds/6e7dab2d-6c32-4c23-8f86-fa6ed83ec0c1"}}
[debug] [2023-09-07T13:37:02.639Z] [update-default-us-central1-sendContact] Retrying task index 0
[debug] [2023-09-07T13:37:02.640Z] >>> [apiv2][query] GET https://cloudfunctions.googleapis.com/v1/operations/bXktcG9ydGZvbGlvLTE3Nzc5L3VzLWNlbnRyYWwxL3NlbmRDb250YWN0L3JwNWNmclR5NFA0 [none]
[debug] [2023-09-07T13:37:03.305Z] <<< [apiv2][status] GET https://cloudfunctions.googleapis.com/v1/operations/bXktcG9ydGZvbGlvLTE3Nzc5L3VzLWNlbnRyYWwxL3NlbmRDb250YWN0L3JwNWNmclR5NFA0 200
[debug] [2023-09-07T13:37:03.306Z] <<< [apiv2][body] GET https://cloudfunctions.googleapis.com/v1/operations/bXktcG9ydGZvbGlvLTE3Nzc5L3VzLWNlbnRyYWwxL3NlbmRDb250YWN0L3JwNWNmclR5NFA0 {"name":"operations/bXktcG9ydGZvbGlvLTE3Nzc5L3VzLWNlbnRyYWwxL3NlbmRDb250YWN0L3JwNWNmclR5NFA0","metadata":{"@type":"type.googleapis.com/google.cloud.functions.v1.OperationMetadataV1","target":"projects/my-portfolio-17779/locations/us-central1/functions/sendContact","type":"UPDATE_FUNCTION","request":{"@type":"type.googleapis.com/google.cloud.functions.v1.CloudFunction","name":"projects/my-portfolio-17779/locations/us-central1/functions/sendContact","httpsTrigger":{"url":"https://us-central1-my-portfolio-17779.cloudfunctions.net/sendContact","securityLevel":"SECURE_ALWAYS"},"status":"OFFLINE","entryPoint":"sendContact","updateTime":"2023-09-07T01:59:23.045Z","versionId":"3","labels":{"deployment-tool":"cli-firebase","firebase-functions-hash":"4ae2590e9abba7070d66acef427ce9a99b942553"},"sourceUploadUrl":"https://storage.googleapis.com/uploads-524057995926.us-central1.cloudfunctions.appspot.com/a0f233f4-5290-47e4-b6cb-5aaf6c0299d3.zip?GoogleAccessId=service-72184662367@gcf-admin-robot.iam.gserviceaccount.com&Expires=1694095591&Signature=gX4my%2BDadQBx6XrQa37hQva9%2BCD%2Fy9rmfEL4qSiWit0%2FslgA41%2F7egB8B3hAl0s5s5XP8%2BWLd4i%2FYQ2ung22JIjyoizlr11UnDOSQlAL8%2BYU%2Beiwzl44Cdw9e3ZpEh40oLamstSvQByzYfCcdx%2F370LyzYLHulrZ6wze6YdjbPDCqC1ENmHQDlGln7f7hq3VMq%2BrTdjYTuJLxlWVInYA3IMhogT%2BQXoUcFBPmAJPF2yrlkE%2FMNiUuswkHQl3XcV90CIXM99OCPtp1En0%2Fb3yskzKZVzGqtMjp9goylb8RYPCXBZovMlHONx43oBvk7Au2eJ%2FUJc5956VwFATD0NzaA%3D%3D","environmentVariables":{"FIREBASE_CONFIG":"{\"projectId\":\"my-portfolio-17779\",\"storageBucket\":\"my-portfolio-17779.appspot.com\"}","GCLOUD_PROJECT":"my-portfolio-17779","EVENTARC_CLOUD_EVENT_SOURCE":"projects/my-portfolio-17779/locations/us-central1/functions/sendContact"},"runtime":"nodejs18","buildId":"cdb3fce2-4c64-4775-aeb4-9163437d060e","buildEnvironmentVariables":{"GOOGLE_NODE_RUN_SCRIPTS":""},"buildName":"projects/72184662367/locations/us-central1/builds/cdb3fce2-4c64-4775-aeb4-9163437d060e","dockerRegistry":"ARTIFACT_REGISTRY"},"versionId":"4","updateTime":"2023-09-07T13:36:58Z","buildId":"6e7dab2d-6c32-4c23-8f86-fa6ed83ec0c1","buildName":"projects/72184662367/locations/us-central1/builds/6e7dab2d-6c32-4c23-8f86-fa6ed83ec0c1"},"done":true,"error":{"code":3,"message":"Build failed: installing pnpm dependencies: %!w(*buildererror.Error=&{  2 2 8622936f ERR_PNPM_FROZEN_LOCKFILE_WITH_OUTDATED_LOCKFILE  Cannot perform a frozen installation because the version of the lockfile is incompatible with this version of pnpm\n\nTry either:\n1. Aligning the version of pnpm that generated the lockfile with the version that installs from it, or\n2. Migrating the lockfile so that it is compatible with the newer version of pnpm, or\n3. Using \"pnpm install --no-frozen-lockfile\".\nNote that in CI environments, this setting is enabled by default.}); Error ID: f173e3ae"}}
[debug] [2023-09-07T13:37:03.307Z] Got source token undefined for region us-central1
[error] Build failed: installing pnpm dependencies: %!w(*buildererror.Error=&{  2 2 8622936f ERR_PNPM_FROZEN_LOCKFILE_WITH_OUTDATED_LOCKFILE  Cannot perform a frozen installation because the version of the lockfile is incompatible with this version of pnpm

Try either:
1. Aligning the version of pnpm that generated the lockfile with the version that installs from it, or
2. Migrating the lockfile so that it is compatible with the newer version of pnpm, or
3. Using "pnpm install --no-frozen-lockfile".
Note that in CI environments, this setting is enabled by default.}); Error ID: f173e3ae
[debug] [2023-09-07T13:37:03.317Z] Total Function Deployment time: 30739
[debug] [2023-09-07T13:37:03.317Z] 1 Functions Deployed
[debug] [2023-09-07T13:37:03.317Z] 1 Functions Errored
[debug] [2023-09-07T13:37:03.317Z] 0 Function Deployments Aborted
[debug] [2023-09-07T13:37:03.317Z] Average Function Deployment time: 30738
[info] 
[info] Functions deploy had errors with the following functions:
	sendContact(us-central1)
[debug] [2023-09-07T13:37:03.501Z] Not printing URL for HTTPS function. Typically this means it didn't match a filter or we failed deployment
[info] i  functions: cleaning up build files... 
[debug] [2023-09-07T13:37:03.504Z] >>> [apiv2][query] DELETE https://artifactregistry.googleapis.com/v1beta2/projects/my-portfolio-17779/locations/us-central1/repositories/gcf-artifacts/packages/send_contact [none]
[debug] [2023-09-07T13:37:03.505Z] >>> [apiv2][query] GET https://us.gcr.io/v2/my-portfolio-17779/gcf/us-central1/tags/list [none]
[debug] [2023-09-07T13:37:04.621Z] <<< [apiv2][status] DELETE https://artifactregistry.googleapis.com/v1beta2/projects/my-portfolio-17779/locations/us-central1/repositories/gcf-artifacts/packages/send_contact 404
[debug] [2023-09-07T13:37:04.621Z] <<< [apiv2][body] DELETE https://artifactregistry.googleapis.com/v1beta2/projects/my-portfolio-17779/locations/us-central1/repositories/gcf-artifacts/packages/send_contact {"error":{"code":404,"message":"Package \"projects/my-portfolio-17779/locations/us-central1/repositories/gcf-artifacts/packages/send_contact\" was not found.","status":"NOT_FOUND"}}
[debug] [2023-09-07T13:37:04.666Z] <<< [apiv2][status] GET https://us.gcr.io/v2/my-portfolio-17779/gcf/us-central1/tags/list 200
[debug] [2023-09-07T13:37:04.667Z] <<< [apiv2][body] GET https://us.gcr.io/v2/my-portfolio-17779/gcf/us-central1/tags/list {"child":[],"manifest":{},"name":"my-portfolio-17779/gcf/us-central1","tags":[]}
[debug] [2023-09-07T13:37:04.667Z] Could not find image for function projects/my-portfolio-17779/locations/us-central1/functions/sendContact
[debug] [2023-09-07T13:37:04.667Z] Functions deploy failed.
[debug] [2023-09-07T13:37:04.667Z] {
  "endpoint": {
    "id": "sendContact",
    "project": "my-portfolio-17779",
    "region": "us-central1",
    "entryPoint": "sendContact",
    "platform": "gcfv1",
    "runtime": "nodejs18",
    "httpsTrigger": {},
    "serviceAccount": null,
    "ingressSettings": null,
    "availableMemoryMb": null,
    "timeoutSeconds": null,
    "maxInstances": null,
    "minInstances": null,
    "vpc": null,
    "environmentVariables": {
      "FIREBASE_CONFIG": "{\"projectId\":\"my-portfolio-17779\",\"storageBucket\":\"my-portfolio-17779.appspot.com\"}",
      "GCLOUD_PROJECT": "my-portfolio-17779",
      "EVENTARC_CLOUD_EVENT_SOURCE": "projects/my-portfolio-17779/locations/us-central1/functions/sendContact"
    },
    "codebase": "default",
    "securityLevel": "SECURE_ALWAYS",
    "targetedByOnly": false,
    "hash": "4ae2590e9abba7070d66acef427ce9a99b942553",
    "labels": {
      "deployment-tool": "cli-firebase"
    }
  },
  "op": "update",
  "original": {
    "name": "FirebaseError",
    "children": [],
    "exit": 1,
    "message": "Build failed: installing pnpm dependencies: %!w(*buildererror.Error=&{  2 2 8622936f ERR_PNPM_FROZEN_LOCKFILE_WITH_OUTDATED_LOCKFILE  Cannot perform a frozen installation because the version of the lockfile is incompatible with this version of pnpm\n\nTry either:\n1. Aligning the version of pnpm that generated the lockfile with the version that installs from it, or\n2. Migrating the lockfile so that it is compatible with the newer version of pnpm, or\n3. Using \"pnpm install --no-frozen-lockfile\".\nNote that in CI environments, this setting is enabled by default.}); Error ID: f173e3ae",
    "status": 3,
    "code": 3
  }
}
[debug] [2023-09-07T13:37:04.836Z] Error: Failed to update function sendContact in region us-central1
    at /Users/paulooliveira/.config/yarn/global/node_modules/firebase-tools/lib/deploy/functions/release/fabricator.js:51:11
    at processTicksAndRejections (node:internal/process/task_queues:96:5)
    at async Fabricator.updateV1Function (/Users/paulooliveira/.config/yarn/global/node_modules/firebase-tools/lib/deploy/functions/release/fabricator.js:344:32)
    at async Fabricator.updateEndpoint (/Users/paulooliveira/.config/yarn/global/node_modules/firebase-tools/lib/deploy/functions/release/fabricator.js:150:13)
    at async handle (/Users/paulooliveira/.config/yarn/global/node_modules/firebase-tools/lib/deploy/functions/release/fabricator.js:88:17)
[error] 
[error] Error: There was an error deploying functions
[debug] [2023-09-07T13:41:08.732Z] ----------------------------------------------------------------------
[debug] [2023-09-07T13:41:08.733Z] Command:       /Users/paulooliveira/.nvm/versions/node/v18.12.1/bin/node /usr/local/bin/firebase deploy --only functions
[debug] [2023-09-07T13:41:08.733Z] CLI Version:   12.4.2
[debug] [2023-09-07T13:41:08.733Z] Platform:      darwin
[debug] [2023-09-07T13:41:08.733Z] Node Version:  v18.12.1
[debug] [2023-09-07T13:41:08.738Z] Time:          Thu Sep 07 2023 10:41:08 GMT-0300 (Horário Padrão de Brasília)
[debug] [2023-09-07T13:41:08.738Z] ----------------------------------------------------------------------
[debug] 
[debug] [2023-09-07T13:41:08.778Z] > command requires scopes: ["email","openid","https://www.googleapis.com/auth/cloudplatformprojects.readonly","https://www.googleapis.com/auth/firebase","https://www.googleapis.com/auth/cloud-platform"]
[debug] [2023-09-07T13:41:08.778Z] > authorizing via signed-in user (paulooliveiradevldta@gmail.com)
[debug] [2023-09-07T13:41:08.778Z] [iam] checking project my-portfolio-17779 for permissions ["cloudfunctions.functions.create","cloudfunctions.functions.delete","cloudfunctions.functions.get","cloudfunctions.functions.list","cloudfunctions.functions.update","cloudfunctions.operations.get","firebase.projects.get"]
[debug] [2023-09-07T13:41:08.780Z] >>> [apiv2][query] POST https://cloudresourcemanager.googleapis.com/v1/projects/my-portfolio-17779:testIamPermissions [none]
[debug] [2023-09-07T13:41:08.780Z] >>> [apiv2][(partial)header] POST https://cloudresourcemanager.googleapis.com/v1/projects/my-portfolio-17779:testIamPermissions x-goog-quota-user=projects/my-portfolio-17779
[debug] [2023-09-07T13:41:08.780Z] >>> [apiv2][body] POST https://cloudresourcemanager.googleapis.com/v1/projects/my-portfolio-17779:testIamPermissions {"permissions":["cloudfunctions.functions.create","cloudfunctions.functions.delete","cloudfunctions.functions.get","cloudfunctions.functions.list","cloudfunctions.functions.update","cloudfunctions.operations.get","firebase.projects.get"]}
[debug] [2023-09-07T13:41:09.767Z] <<< [apiv2][status] POST https://cloudresourcemanager.googleapis.com/v1/projects/my-portfolio-17779:testIamPermissions 200
[debug] [2023-09-07T13:41:09.767Z] <<< [apiv2][body] POST https://cloudresourcemanager.googleapis.com/v1/projects/my-portfolio-17779:testIamPermissions {"permissions":["cloudfunctions.functions.create","cloudfunctions.functions.delete","cloudfunctions.functions.get","cloudfunctions.functions.list","cloudfunctions.functions.update","cloudfunctions.operations.get","firebase.projects.get"]}
[debug] [2023-09-07T13:41:09.768Z] >>> [apiv2][query] POST https://iam.googleapis.com/v1/projects/my-portfolio-17779/serviceAccounts/my-portfolio-17779@appspot.gserviceaccount.com:testIamPermissions [none]
[debug] [2023-09-07T13:41:09.768Z] >>> [apiv2][body] POST https://iam.googleapis.com/v1/projects/my-portfolio-17779/serviceAccounts/my-portfolio-17779@appspot.gserviceaccount.com:testIamPermissions {"permissions":["iam.serviceAccounts.actAs"]}
[debug] [2023-09-07T13:41:10.687Z] <<< [apiv2][status] POST https://iam.googleapis.com/v1/projects/my-portfolio-17779/serviceAccounts/my-portfolio-17779@appspot.gserviceaccount.com:testIamPermissions 200
[debug] [2023-09-07T13:41:10.687Z] <<< [apiv2][body] POST https://iam.googleapis.com/v1/projects/my-portfolio-17779/serviceAccounts/my-portfolio-17779@appspot.gserviceaccount.com:testIamPermissions {"permissions":["iam.serviceAccounts.actAs"]}
[info] 
[info] === Deploying to 'my-portfolio-17779'...
[info] 
[info] i  deploying functions 
[info] Running command: npm --prefix "$RESOURCE_DIR" run lint
[info] Running command: npm --prefix "$RESOURCE_DIR" run build
