[debug] [2023-09-04T01:05:03.960Z] ----------------------------------------------------------------------
[debug] [2023-09-04T01:05:03.961Z] Command:       /Users/paulooliveira/.nvm/versions/node/v16.18.1/bin/node /usr/local/bin/firebase init
[debug] [2023-09-04T01:05:03.961Z] CLI Version:   12.4.2
[debug] [2023-09-04T01:05:03.961Z] Platform:      darwin
[debug] [2023-09-04T01:05:03.961Z] Node Version:  v16.18.1
[debug] [2023-09-04T01:05:03.962Z] Time:          Sun Sep 03 2023 22:05:03 GMT-0300 (Horário Padrão de Brasília)
[debug] [2023-09-04T01:05:03.962Z] ----------------------------------------------------------------------
[debug] 
[debug] [2023-09-04T01:05:03.965Z] > command requires scopes: ["email","openid","https://www.googleapis.com/auth/cloudplatformprojects.readonly","https://www.googleapis.com/auth/firebase","https://www.googleapis.com/auth/cloud-platform"]
[debug] [2023-09-04T01:05:03.965Z] > authorizing via signed-in user (paulooliveiradevldta@gmail.com)
[info] 
     ######## #### ########  ######## ########     ###     ######  ########
     ##        ##  ##     ## ##       ##     ##  ##   ##  ##       ##
     ######    ##  ########  ######   ########  #########  ######  ######
     ##        ##  ##    ##  ##       ##     ## ##     ##       ## ##
     ##       #### ##     ## ######## ########  ##     ##  ######  ########

You're about to initialize a Firebase project in this directory:

  /Users/paulooliveira/Documents/Projetos/new-portfolio

[info] 
=== Project Setup
[info] 
[info] First, let's associate this project directory with a Firebase project.
[info] You can create multiple project aliases by running firebase use --add, 
[info] but for now we'll just set up a default project.
[info] 
[debug] [2023-09-04T01:05:44.249Z] >>> [apiv2][query] GET https://firebase.googleapis.com/v1beta1/projects pageSize=100
[debug] [2023-09-04T01:05:45.163Z] <<< [apiv2][status] GET https://firebase.googleapis.com/v1beta1/projects 200
[debug] [2023-09-04T01:05:45.163Z] <<< [apiv2][body] GET https://firebase.googleapis.com/v1beta1/projects [omitted]
[info] i  Using project my-portfolio-17779 (my-portfolio) 
[info] 
=== Firestore Setup
[debug] [2023-09-04T01:05:50.508Z] >>> [apiv2][query] GET https://serviceusage.googleapis.com/v1/projects/my-portfolio-17779/services/firestore.googleapis.com [none]
[debug] [2023-09-04T01:05:50.508Z] >>> [apiv2][(partial)header] GET https://serviceusage.googleapis.com/v1/projects/my-portfolio-17779/services/firestore.googleapis.com x-goog-quota-user=projects/my-portfolio-17779
[debug] [2023-09-04T01:05:51.706Z] <<< [apiv2][status] GET https://serviceusage.googleapis.com/v1/projects/my-portfolio-17779/services/firestore.googleapis.com 200
[debug] [2023-09-04T01:05:51.706Z] <<< [apiv2][body] GET https://serviceusage.googleapis.com/v1/projects/my-portfolio-17779/services/firestore.googleapis.com [omitted]
[debug] [2023-09-04T01:05:51.707Z] >>> [apiv2][query] GET https://firestore.googleapis.com/v1/projects/my-portfolio-17779/databases/(default) [none]
[debug] [2023-09-04T01:05:51.969Z] <<< [apiv2][status] GET https://firestore.googleapis.com/v1/projects/my-portfolio-17779/databases/(default) 200
[debug] [2023-09-04T01:05:51.970Z] <<< [apiv2][body] GET https://firestore.googleapis.com/v1/projects/my-portfolio-17779/databases/(default) {"name":"projects/my-portfolio-17779/databases/(default)","uid":"f02d1dfb-0d2b-4392-a598-dc484d5c2fba","createTime":"2023-09-04T01:02:02.583944Z","updateTime":"2023-09-04T01:02:02.583944Z","locationId":"southamerica-east1","type":"FIRESTORE_NATIVE","concurrencyMode":"PESSIMISTIC","versionRetentionPeriod":"3600s","earliestVersionTime":"2023-09-04T01:02:02.583944Z","appEngineIntegrationMode":"DISABLED","keyPrefix":"i","pointInTimeRecoveryEnablement":"POINT_IN_TIME_RECOVERY_DISABLED","deleteProtectionState":"DELETE_PROTECTION_DISABLED","etag":"IL3N0uThj4EDMMvW64bhj4ED"}
[debug] [2023-09-04T01:05:51.970Z] database_type: FIRESTORE_NATIVE
[debug] [2023-09-04T01:05:51.970Z] > command requires scopes: ["email","openid","https://www.googleapis.com/auth/cloudplatformprojects.readonly","https://www.googleapis.com/auth/firebase","https://www.googleapis.com/auth/cloud-platform"]
[debug] [2023-09-04T01:05:51.971Z] > authorizing via signed-in user (paulooliveiradevldta@gmail.com)
[debug] [2023-09-04T01:05:51.971Z] [iam] checking project my-portfolio-17779 for permissions ["firebase.projects.get"]
[debug] [2023-09-04T01:05:51.972Z] >>> [apiv2][query] POST https://cloudresourcemanager.googleapis.com/v1/projects/my-portfolio-17779:testIamPermissions [none]
[debug] [2023-09-04T01:05:51.972Z] >>> [apiv2][(partial)header] POST https://cloudresourcemanager.googleapis.com/v1/projects/my-portfolio-17779:testIamPermissions x-goog-quota-user=projects/my-portfolio-17779
[debug] [2023-09-04T01:05:51.972Z] >>> [apiv2][body] POST https://cloudresourcemanager.googleapis.com/v1/projects/my-portfolio-17779:testIamPermissions {"permissions":["firebase.projects.get"]}
[debug] [2023-09-04T01:05:52.935Z] <<< [apiv2][status] POST https://cloudresourcemanager.googleapis.com/v1/projects/my-portfolio-17779:testIamPermissions 200
[debug] [2023-09-04T01:05:52.935Z] <<< [apiv2][body] POST https://cloudresourcemanager.googleapis.com/v1/projects/my-portfolio-17779:testIamPermissions {"permissions":["firebase.projects.get"]}
[info] 
[info] Firestore Security Rules allow you to define how and when to allow
[info] requests. You can keep these rules in your project directory
[info] and publish them with firebase deploy.
[info] 
[debug] [2023-09-04T01:05:55.539Z] >>> [apiv2][query] GET https://firebaserules.googleapis.com/v1/projects/my-portfolio-17779/releases pageSize=10&pageToken=
[debug] [2023-09-04T01:05:56.619Z] <<< [apiv2][status] GET https://firebaserules.googleapis.com/v1/projects/my-portfolio-17779/releases 200
[debug] [2023-09-04T01:05:56.620Z] <<< [apiv2][body] GET https://firebaserules.googleapis.com/v1/projects/my-portfolio-17779/releases {"releases":[{"name":"projects/my-portfolio-17779/releases/cloud.firestore","rulesetName":"projects/my-portfolio-17779/rulesets/320accf8-1223-4cab-bdce-8fa2facb51aa","createTime":"2023-09-04T01:02:07.722680Z","updateTime":"2023-09-04T01:02:07.722680Z"}]}
[debug] [2023-09-04T01:05:56.620Z] Found ruleset: projects/my-portfolio-17779/rulesets/320accf8-1223-4cab-bdce-8fa2facb51aa
[debug] [2023-09-04T01:05:56.621Z] >>> [apiv2][query] GET https://firebaserules.googleapis.com/v1/projects/my-portfolio-17779/rulesets/320accf8-1223-4cab-bdce-8fa2facb51aa [none]
[debug] [2023-09-04T01:05:57.747Z] <<< [apiv2][status] GET https://firebaserules.googleapis.com/v1/projects/my-portfolio-17779/rulesets/320accf8-1223-4cab-bdce-8fa2facb51aa 200
[debug] [2023-09-04T01:05:57.748Z] <<< [apiv2][body] GET https://firebaserules.googleapis.com/v1/projects/my-portfolio-17779/rulesets/320accf8-1223-4cab-bdce-8fa2facb51aa [omitted]
[info] 
[info] Firestore indexes allow you to perform complex queries while
[info] maintaining performance that scales with the size of the result
[info] set. You can keep index definitions in your project directory
[info] and publish them with firebase deploy.
[info] 
[debug] [2023-09-04T01:05:58.896Z] >>> [apiv2][query] GET https://firestore.googleapis.com/v1/projects/my-portfolio-17779/databases/(default)/collectionGroups/-/indexes [none]
[debug] [2023-09-04T01:05:58.899Z] >>> [apiv2][query] GET https://firestore.googleapis.com/v1/projects/my-portfolio-17779/databases/(default)/collectionGroups/-/fields?filter=indexConfig.usesAncestorConfig=false OR ttlConfig:* [none]
[debug] [2023-09-04T01:05:59.081Z] <<< [apiv2][status] GET https://firestore.googleapis.com/v1/projects/my-portfolio-17779/databases/(default)/collectionGroups/-/indexes 200
[debug] [2023-09-04T01:05:59.081Z] <<< [apiv2][body] GET https://firestore.googleapis.com/v1/projects/my-portfolio-17779/databases/(default)/collectionGroups/-/indexes {}
[debug] [2023-09-04T01:05:59.896Z] <<< [apiv2][status] GET https://firestore.googleapis.com/v1/projects/my-portfolio-17779/databases/(default)/collectionGroups/-/fields?filter=indexConfig.usesAncestorConfig=false OR ttlConfig:* 200
[debug] [2023-09-04T01:05:59.896Z] <<< [apiv2][body] GET https://firestore.googleapis.com/v1/projects/my-portfolio-17779/databases/(default)/collectionGroups/-/fields?filter=indexConfig.usesAncestorConfig=false OR ttlConfig:* {"fields":[{"name":"projects/my-portfolio-17779/databases/(default)/collectionGroups/__default__/fields/*","indexConfig":{"indexes":[{"queryScope":"COLLECTION","fields":[{"fieldPath":"*","order":"ASCENDING"}],"state":"READY"},{"queryScope":"COLLECTION","fields":[{"fieldPath":"*","order":"DESCENDING"}],"state":"READY"},{"queryScope":"COLLECTION","fields":[{"fieldPath":"*","arrayConfig":"CONTAINS"}],"state":"READY"}]}}]}
[info] 
=== Functions Setup
[debug] [2023-09-04T01:05:59.899Z] > command requires scopes: ["email","openid","https://www.googleapis.com/auth/cloudplatformprojects.readonly","https://www.googleapis.com/auth/firebase","https://www.googleapis.com/auth/cloud-platform"]
[debug] [2023-09-04T01:05:59.899Z] > authorizing via signed-in user (paulooliveiradevldta@gmail.com)
[debug] [2023-09-04T01:05:59.899Z] [iam] checking project my-portfolio-17779 for permissions ["firebase.projects.get"]
[debug] [2023-09-04T01:05:59.900Z] >>> [apiv2][query] POST https://cloudresourcemanager.googleapis.com/v1/projects/my-portfolio-17779:testIamPermissions [none]
[debug] [2023-09-04T01:05:59.900Z] >>> [apiv2][(partial)header] POST https://cloudresourcemanager.googleapis.com/v1/projects/my-portfolio-17779:testIamPermissions x-goog-quota-user=projects/my-portfolio-17779
[debug] [2023-09-04T01:05:59.900Z] >>> [apiv2][body] POST https://cloudresourcemanager.googleapis.com/v1/projects/my-portfolio-17779:testIamPermissions {"permissions":["firebase.projects.get"]}
[debug] [2023-09-04T01:06:00.818Z] <<< [apiv2][status] POST https://cloudresourcemanager.googleapis.com/v1/projects/my-portfolio-17779:testIamPermissions 200
[debug] [2023-09-04T01:06:00.819Z] <<< [apiv2][body] POST https://cloudresourcemanager.googleapis.com/v1/projects/my-portfolio-17779:testIamPermissions {"permissions":["firebase.projects.get"]}
[debug] [2023-09-04T01:06:00.820Z] >>> [apiv2][query] GET https://serviceusage.googleapis.com/v1/projects/my-portfolio-17779/services/cloudfunctions.googleapis.com [none]
[debug] [2023-09-04T01:06:00.820Z] >>> [apiv2][(partial)header] GET https://serviceusage.googleapis.com/v1/projects/my-portfolio-17779/services/cloudfunctions.googleapis.com x-goog-quota-user=projects/my-portfolio-17779
[debug] [2023-09-04T01:06:00.822Z] >>> [apiv2][query] GET https://serviceusage.googleapis.com/v1/projects/my-portfolio-17779/services/runtimeconfig.googleapis.com [none]
[debug] [2023-09-04T01:06:00.822Z] >>> [apiv2][(partial)header] GET https://serviceusage.googleapis.com/v1/projects/my-portfolio-17779/services/runtimeconfig.googleapis.com x-goog-quota-user=projects/my-portfolio-17779
[debug] [2023-09-04T01:06:01.841Z] <<< [apiv2][status] GET https://serviceusage.googleapis.com/v1/projects/my-portfolio-17779/services/runtimeconfig.googleapis.com 200
[debug] [2023-09-04T01:06:01.841Z] <<< [apiv2][body] GET https://serviceusage.googleapis.com/v1/projects/my-portfolio-17779/services/runtimeconfig.googleapis.com [omitted]
[debug] [2023-09-04T01:06:01.867Z] <<< [apiv2][status] GET https://serviceusage.googleapis.com/v1/projects/my-portfolio-17779/services/cloudfunctions.googleapis.com 200
[debug] [2023-09-04T01:06:01.867Z] <<< [apiv2][body] GET https://serviceusage.googleapis.com/v1/projects/my-portfolio-17779/services/cloudfunctions.googleapis.com [omitted]
[info] Let's create a new codebase for your functions.
[info] A directory corresponding to the codebase will be created in your project
[info] with sample code pre-configured.

[info] See https://firebase.google.com/docs/functions/organize-functions for
[info] more information on organizing your functions using codebases.

[info] Functions can be deployed with firebase deploy.

[info] ✔  Wrote functions/package.json 
[info] ✔  Wrote functions/.eslintrc.js 
[info] ✔  Wrote functions/tsconfig.json 
[info] ✔  Wrote functions/tsconfig.dev.json 
[info] ✔  Wrote functions/src/index.ts 
[info] ✔  Wrote functions/.gitignore 
